<?xml version="1.0" encoding="UTF-8"?>
<!-- Generated by org.testng.reporters.JUnitXMLReporter -->
<testsuite ignored="0" hostname="PACLAP-078" failures="0" tests="4" name="Dashboard Functionality Test" time="24.893" errors="0" timestamp="2024-08-09T15:23:27 IST">
  <testcase classname="Paccore.pageobjects.BaseTests" name="signin" time="13.79"/>
  <testcase classname="Paccore.tests.DashboardFunctionalityTest" name="verifytheInvestmentAnalysisDropdowndNavigations" time="6.776"/>
  <testcase classname="Paccore.tests.DashboardFunctionalityTest" name="verifytheMyProfileDropdownNavigations" time="0.423"/>
  <testcase classname="Paccore.tests.DashboardFunctionalityTest" name="verifytheMyReportsDropdownNavigations" time="3.6"/>
</testsuite> <!-- Dashboard Functionality Test -->
