<?xml version="1.0" encoding="UTF-8"?>
<!-- Generated by org.testng.reporters.JUnitXMLReporter -->
<testsuite ignored="0" hostname="PACLAP-078" failures="2" tests="6" name="Dashboard Header Menu Options Test" time="12.897" errors="0" timestamp="2024-08-13T10:55:16 IST">
  <testcase classname="Paccore.pageobjects.BaseTests" name="signin" time="11.099"/>
  <testcase classname="Paccore.tests.DashboardHeaderMenuOptionsTest" name="verifyDashboardheaderMenuOptionsAreDisplayed" time="0.381"/>
  <testcase classname="Paccore.tests.DashboardHeaderMenuOptionsTest" name="verifyNotificationFunctionalityOnDashboard" time="0.276">
    <failure type="java.lang.AssertionError" message="The expected Notification functionality did not occur expected [true] but found [false]">
      <![CDATA[java.lang.AssertionError: The expected Notification functionality did not occur expected [true] but found [false]
at Paccore.pageobjects.DashboardHeaderMenuOptionsPage.verifyNotificationExpectedfunctionality(DashboardHeaderMenuOptionsPage.java:161)
at Paccore.tests.DashboardHeaderMenuOptionsTest.verifyNotificationFunctionalityOnDashboard(DashboardHeaderMenuOptionsTest.java:51)
at java.base/java.util.ArrayList.forEach(ArrayList.java:1596)
at java.base/java.util.concurrent.FutureTask.run(FutureTask.java:317)
at java.base/java.util.concurrent.ThreadPoolExecutor.runWorker(ThreadPoolExecutor.java:1144)
at java.base/java.util.concurrent.ThreadPoolExecutor$Worker.run(ThreadPoolExecutor.java:642)
at java.base/java.lang.Thread.run(Thread.java:1583)
... Removed 18 stack frames]]>
    </failure>
  </testcase> <!-- verifyNotificationFunctionalityOnDashboard -->
  <testcase classname="Paccore.tests.DashboardHeaderMenuOptionsTest" name="verifyProfileIconAndDropdownOnDashboard" time="0.082"/>
  <testcase classname="Paccore.tests.DashboardHeaderMenuOptionsTest" name="verifySettingsFunctionalityOnDachboard" time="0.145">
    <failure type="java.lang.AssertionError" message="The expected Settings functionality did not occur expected [true] but found [false]">
      <![CDATA[java.lang.AssertionError: The expected Settings functionality did not occur expected [true] but found [false]
at Paccore.pageobjects.DashboardHeaderMenuOptionsPage.verifySettingsExpectedFunctionality(DashboardHeaderMenuOptionsPage.java:124)
at Paccore.tests.DashboardHeaderMenuOptionsTest.verifySettingsFunctionalityOnDachboard(DashboardHeaderMenuOptionsTest.java:41)
at java.base/java.util.ArrayList.forEach(ArrayList.java:1596)
at java.base/java.util.concurrent.FutureTask.run(FutureTask.java:317)
at java.base/java.util.concurrent.ThreadPoolExecutor.runWorker(ThreadPoolExecutor.java:1144)
at java.base/java.util.concurrent.ThreadPoolExecutor$Worker.run(ThreadPoolExecutor.java:642)
at java.base/java.lang.Thread.run(Thread.java:1583)
... Removed 18 stack frames]]>
    </failure>
  </testcase> <!-- verifySettingsFunctionalityOnDachboard -->
  <testcase classname="Paccore.tests.DashboardHeaderMenuOptionsTest" name="verifytheThemeFunctionalityOnDashboard" time="0.063"/>
</testsuite> <!-- Dashboard Header Menu Options Test -->
