<?xml version="1.0" encoding="UTF-8"?>
<!-- Generated by org.testng.reporters.JUnitXMLReporter -->
<testsuite ignored="0" hostname="PACLAP-078" failures="0" tests="3" name="Log Out Test" time="29.258" errors="0" timestamp="2024-07-22T19:19:08 GMT+05:30">
  <testcase classname="Paccore.pageobjects.BaseTests" name="signin" time="15.759"/>
  <testcase classname="Paccore.tests.LogOutTest" name="dashboard" time="11.648"/>
  <testcase classname="Paccore.tests.LogOutTest" name="logout" time="1.293"/>
</testsuite> <!-- Log Out Test -->
